<?xml version="1.0" encoding="UTF-8"?>
<testsuite xmlns:xsi="http://www.w3.org/2001/XMLSchema-instance" xsi:noNamespaceSchemaLocation="https://maven.apache.org/surefire/maven-surefire-plugin/xsd/surefire-test-report.xsd" name="com.fehead.testproject.test.SimpleTest" time="7.369" tests="21" errors="1" skipped="0" failures="0">
  <properties>
[...]
</properties>
  <testcase name="select_7_ByWrapperByMaps" classname="com.fehead.testproject.test.SimpleTest" time="1.249"/>
  <testcase name="select_17_deleteLambda" classname="com.fehead.testproject.test.SimpleTest" time="0.059"/>
  <testcase name="select_5_ByWrapper" classname="com.fehead.testproject.test.SimpleTest" time="0.033"/>
  <testcase name="selectMap" classname="com.fehead.testproject.test.SimpleTest" time="0.03"/>
  <testcase name="select_15_deleteById" classname="com.fehead.testproject.test.SimpleTest" time="0.049"/>
  <testcase name="select_9_Lambda" classname="com.fehead.testproject.test.SimpleTest" time="0.033"/>
  <testcase name="insert" classname="com.fehead.testproject.test.SimpleTest" time="0.165">
    <error message="&#10;### Error updating database.  Cause: com.mysql.jdbc.exceptions.jdbc4.MySQLIntegrityConstraintViolationException: Duplicate entry &apos;5&apos; for key &apos;PRIMARY&apos;&#10;### The error may exist in com/fehead/testproject/dao/UserDOMapper.java (best guess)&#10;### The error may involve com.fehead.testproject.dao.UserDOMapper.insert-Inline&#10;### The error occurred while setting parameters&#10;### SQL: INSERT INTO user  ( id, user_phone, user_email, user_name, user_age )  VALUES  ( ?, ?, ?, ?, ? )&#10;### Cause: com.mysql.jdbc.exceptions.jdbc4.MySQLIntegrityConstraintViolationException: Duplicate entry &apos;5&apos; for key &apos;PRIMARY&apos;&#10;; Duplicate entry &apos;5&apos; for key &apos;PRIMARY&apos;; nested exception is com.mysql.jdbc.exceptions.jdbc4.MySQLIntegrityConstraintViolationException: Duplicate entry &apos;5&apos; for key &apos;PRIMARY&apos;" type="org.springframework.dao.DuplicateKeyException">org.springframework.dao.DuplicateKeyException: 

### Error updating database.  Cause: com.mysql.jdbc.exceptions.jdbc4.MySQLIntegrityConstraintViolationException: Duplicate entry '5' for key 'PRIMARY'
### The error may exist in com/fehead/testproject/dao/UserDOMapper.java (best guess)
### The error may involve com.fehead.testproject.dao.UserDOMapper.insert-Inline
### The error occurred while setting parameters
### SQL: INSERT INTO user  ( id, user_phone, user_email, user_name, user_age )  VALUES  ( ?, ?, ?, ?, ? )
### Cause: com.mysql.jdbc.exceptions.jdbc4.MySQLIntegrityConstraintViolationException: Duplicate entry '5' for key 'PRIMARY'
; Duplicate entry '5' for key 'PRIMARY'; nested exception is com.mysql.jdbc.exceptions.jdbc4.MySQLIntegrityConstraintViolationException: Duplicate entry '5' for key 'PRIMARY'
	at com.fehead.testproject.test.SimpleTest.insert(SimpleTest.java:47)
Caused by: com.mysql.jdbc.exceptions.jdbc4.MySQLIntegrityConstraintViolationException: Duplicate entry '5' for key 'PRIMARY'
	at com.fehead.testproject.test.SimpleTest.insert(SimpleTest.java:47)
</error>
    <system-out><![CDATA[DEBUG==>  Preparing: INSERT INTO user ( id, user_phone, user_email, user_name, user_age ) VALUES ( ?, ?, ?, ?, ? ) 
DEBUG==> Parameters: 5(Integer), 1312312312312(String), sdsadas@qq.com(String), 张倩111(String), 18(Integer)
]]></system-out>
  </testcase>
  <testcase name="select_8_ByWrapperCount" classname="com.fehead.testproject.test.SimpleTest" time="0.026"/>
  <testcase name="select_13_update" classname="com.fehead.testproject.test.SimpleTest" time="0.05"/>
  <testcase name="select" classname="com.fehead.testproject.test.SimpleTest" time="0.027"/>
  <testcase name="select_2_ByWrapper" classname="com.fehead.testproject.test.SimpleTest" time="0.029"/>
  <testcase name="select_14_updateLambda" classname="com.fehead.testproject.test.SimpleTest" time="0.085"/>
  <testcase name="select_4_ByWrapper" classname="com.fehead.testproject.test.SimpleTest" time="0.027"/>
  <testcase name="select_11_updateById" classname="com.fehead.testproject.test.SimpleTest" time="0.05"/>
  <testcase name="select_6_ByWrapper" classname="com.fehead.testproject.test.SimpleTest" time="0.028"/>
  <testcase name="select_10_Page" classname="com.fehead.testproject.test.SimpleTest" time="0.138"/>
  <testcase name="select_16_deleteByMap" classname="com.fehead.testproject.test.SimpleTest" time="0.046"/>
  <testcase name="select_1_ByWrapper" classname="com.fehead.testproject.test.SimpleTest" time="0.028"/>
  <testcase name="select_12_update" classname="com.fehead.testproject.test.SimpleTest" time="0.046"/>
  <testcase name="select_3_ByWrapper" classname="com.fehead.testproject.test.SimpleTest" time="0.026"/>
  <testcase name="selectByWrapper" classname="com.fehead.testproject.test.SimpleTest" time="0.03"/>
</testsuite>